# JRE version: Java(TM) SE Runtime Environment 18.9 (11.0.12+8) (build 11.0.12+8-LTS-237)
# Java VM: Java HotSpot(TM) 64-Bit Server VM 18.9 (11.0.12+8-LTS-237, mixed mode, tiered, compressed oops, g1 gc, windows-amd64)
Heap:
 garbage-first heap   total 236544K, used 106990K [0x0000000741600000, 0x0000000800000000)
  region size 1024K, 94 young (96256K), 11 survivors (11264K)
 Metaspace       used 68108K, capacity 69937K, committed 70016K, reserved 1110016K
  class space    used 8780K, capacity 9546K, committed 9600K, reserved 1048576K
GC Heap History (10 events):
Event: 2.859 GC heap before
{Heap before GC invocations=5 (full 0):
 garbage-first heap   total 196608K, used 51092K [0x0000000741600000, 0x0000000800000000)
  region size 1024K, 45 young (46080K), 3 survivors (3072K)
 Metaspace       used 24946K, capacity 25604K, committed 25728K, reserved 1071104K
  class space    used 2891K, capacity 3146K, committed 3200K, reserved 1048576K
}
Event: 2.866 GC heap after
{Heap after GC invocations=6 (full 0):
 garbage-first heap   total 196608K, used 10427K [0x0000000741600000, 0x0000000800000000)
  region size 1024K, 4 young (4096K), 4 survivors (4096K)
 Metaspace       used 24946K, capacity 25604K, committed 25728K, reserved 1071104K
  class space    used 2891K, capacity 3146K, committed 3200K, reserved 1048576K
}
Event: 3.711 GC heap before
{Heap before GC invocations=6 (full 0):
 garbage-first heap   total 196608K, used 82107K [0x0000000741600000, 0x0000000800000000)
  region size 1024K, 75 young (76800K), 4 survivors (4096K)
 Metaspace       used 30216K, capacity 30962K, committed 31232K, reserved 1077248K
  class space    used 3498K, capacity 3795K, committed 3840K, reserved 1048576K
}
Event: 3.719 GC heap after
{Heap after GC invocations=7 (full 0):
 garbage-first heap   total 196608K, used 12438K [0x0000000741600000, 0x0000000800000000)
  region size 1024K, 6 young (6144K), 6 survivors (6144K)
 Metaspace       used 30216K, capacity 30962K, committed 31232K, reserved 1077248K
  class space    used 3498K, capacity 3795K, committed 3840K, reserved 1048576K
}
Event: 4.701 GC heap before
{Heap before GC invocations=7 (full 0):
 garbage-first heap   total 196608K, used 54422K [0x0000000741600000, 0x0000000800000000)
  region size 1024K, 48 young (49152K), 6 survivors (6144K)
 Metaspace       used 34833K, capacity 35720K, committed 35840K, reserved 1081344K
  class space    used 4157K, capacity 4511K, committed 4608K, reserved 1048576K
}
Event: 4.711 GC heap after
{Heap after GC invocations=8 (full 0):
 garbage-first heap   total 196608K, used 14612K [0x0000000741600000, 0x0000000800000000)
  region size 1024K, 8 young (8192K), 8 survivors (8192K)
 Metaspace       used 34833K, capacity 35720K, committed 35840K, reserved 1081344K
  class space    used 4157K, capacity 4511K, committed 4608K, reserved 1048576K
}
Event: 6.315 GC heap before
{Heap before GC invocations=9 (full 0):
 garbage-first heap   total 196608K, used 105748K [0x0000000741600000, 0x0000000800000000)
  region size 1024K, 98 young (100352K), 8 survivors (8192K)
 Metaspace       used 43108K, capacity 44364K, committed 44672K, reserved 1087488K
  class space    used 5205K, capacity 5697K, committed 5760K, reserved 1048576K
}
Event: 6.333 GC heap after
{Heap after GC invocations=10 (full 0):
 garbage-first heap   total 236544K, used 17934K [0x0000000741600000, 0x0000000800000000)
  region size 1024K, 10 young (10240K), 10 survivors (10240K)
 Metaspace       used 43108K, capacity 44364K, committed 44672K, reserved 1087488K
  class space    used 5205K, capacity 5697K, committed 5760K, reserved 1048576K
}
Event: 8.107 GC heap before
{Heap before GC invocations=10 (full 0):
 garbage-first heap   total 236544K, used 118286K [0x0000000741600000, 0x0000000800000000)
  region size 1024K, 107 young (109568K), 10 survivors (10240K)
 Metaspace       used 58764K, capacity 60090K, committed 60160K, reserved 1101824K
  class space    used 7492K, capacity 8037K, committed 8064K, reserved 1048576K
}
Event: 8.123 GC heap after
{Heap after GC invocations=11 (full 0):
 garbage-first heap   total 236544K, used 23022K [0x0000000741600000, 0x0000000800000000)
  region size 1024K, 11 young (11264K), 11 survivors (11264K)
 Metaspace       used 58764K, capacity 60090K, committed 60160K, reserved 1101824K
  class space    used 7492K, capacity 8037K, committed 8064K, reserved 1048576K
}

