# JRE version: Java(TM) SE Runtime Environment 18.9 (11.0.12+8) (build 11.0.12+8-LTS-237)
# Java VM: Java HotSpot(TM) 64-Bit Server VM 18.9 (11.0.12+8-LTS-237, mixed mode, tiered, compressed oops, g1 gc, windows-amd64)
Heap:
 garbage-first heap   total 196608K, used 73027K [0x0000000741600000, 0x0000000800000000)
  region size 1024K, 33 young (33792K), 4 survivors (4096K)
 Metaspace       used 34984K, capacity 35769K, committed 35920K, reserved 1081344K
  class space    used 3723K, capacity 4010K, committed 4096K, reserved 1048576K
GC Heap History (10 events):
Event: 7.469 GC heap after
{Heap after GC invocations=5 (full 0):
 garbage-first heap   total 196608K, used 11739K [0x0000000741600000, 0x0000000800000000)
  region size 1024K, 2 young (2048K), 2 survivors (2048K)
 Metaspace       used 20761K, capacity 21116K, committed 21296K, reserved 1069056K
  class space    used 2191K, capacity 2315K, committed 2432K, reserved 1048576K
}
Event: 11.754 GC heap before
{Heap before GC invocations=6 (full 0):
 garbage-first heap   total 196608K, used 120283K [0x0000000741600000, 0x0000000800000000)
  region size 1024K, 60 young (61440K), 2 survivors (2048K)
 Metaspace       used 22562K, capacity 22981K, committed 23216K, reserved 1071104K
  class space    used 2328K, capacity 2488K, committed 2560K, reserved 1048576K
}
Event: 11.760 GC heap after
{Heap after GC invocations=7 (full 0):
 garbage-first heap   total 196608K, used 14408K [0x0000000741600000, 0x0000000800000000)
  region size 1024K, 5 young (5120K), 5 survivors (5120K)
 Metaspace       used 22562K, capacity 22981K, committed 23216K, reserved 1071104K
  class space    used 2328K, capacity 2488K, committed 2560K, reserved 1048576K
}
Event: 14.047 GC heap before
{Heap before GC invocations=7 (full 0):
 garbage-first heap   total 196608K, used 89160K [0x0000000741600000, 0x0000000800000000)
  region size 1024K, 77 young (78848K), 5 survivors (5120K)
 Metaspace       used 30853K, capacity 31451K, committed 31664K, reserved 1077248K
  class space    used 3288K, capacity 3555K, committed 3584K, reserved 1048576K
}
Event: 14.059 GC heap after
{Heap after GC invocations=8 (full 0):
 garbage-first heap   total 196608K, used 23178K [0x0000000741600000, 0x0000000800000000)
  region size 1024K, 10 young (10240K), 10 survivors (10240K)
 Metaspace       used 30853K, capacity 31451K, committed 31664K, reserved 1077248K
  class space    used 3288K, capacity 3555K, committed 3584K, reserved 1048576K
}
Event: 14.986 GC heap before
{Heap before GC invocations=8 (full 0):
 garbage-first heap   total 196608K, used 131722K [0x0000000741600000, 0x0000000800000000)
  region size 1024K, 115 young (117760K), 10 survivors (10240K)
 Metaspace       used 33957K, capacity 34668K, committed 34864K, reserved 1081344K
  class space    used 3620K, capacity 3901K, committed 3968K, reserved 1048576K
}
Event: 15.001 GC heap after
{Heap after GC invocations=9 (full 0):
 garbage-first heap   total 196608K, used 30352K [0x0000000741600000, 0x0000000800000000)
  region size 1024K, 12 young (12288K), 12 survivors (12288K)
 Metaspace       used 33957K, capacity 34668K, committed 34864K, reserved 1081344K
  class space    used 3620K, capacity 3901K, committed 3968K, reserved 1048576K
}
Event: 15.478 GC heap before
{Heap before GC invocations=9 (full 0):
 garbage-first heap   total 196608K, used 136848K [0x0000000741600000, 0x0000000800000000)
  region size 1024K, 115 young (117760K), 12 survivors (12288K)
 Metaspace       used 34054K, capacity 34808K, committed 35120K, reserved 1081344K
  class space    used 3621K, capacity 3903K, committed 3968K, reserved 1048576K
}
Event: 15.494 GC heap after
{Heap after GC invocations=10 (full 0):
 garbage-first heap   total 196608K, used 43628K [0x0000000741600000, 0x0000000800000000)
  region size 1024K, 15 young (15360K), 15 survivors (15360K)
 Metaspace       used 34054K, capacity 34808K, committed 35120K, reserved 1081344K
  class space    used 3621K, capacity 3903K, committed 3968K, reserved 1048576K
}
Event: 15.826 GC heap before
{Heap before GC invocations=10 (full 0):
 garbage-first heap   total 196608K, used 72300K [0x0000000741600000, 0x0000000800000000)
  region size 1024K, 44 young (45056K), 15 survivors (15360K)
 Metaspace       used 34984K, capacity 35769K, committed 35920K, reserved 1081344K
  class space    used 3723K, capacity 4010K, committed 4096K, reserved 1048576K
}

